SF:lib/core/utils/double_utils.dart
DA:2,5
DA:3,5
DA:4,10
LF:3
LH:3
end_of_record
SF:lib/core/utils/int_utils.dart
DA:2,3
DA:3,3
DA:4,6
LF:3
LH:3
end_of_record
SF:lib/core/utils/date_utils.dart
DA:2,18
DA:4,6
DA:5,6
DA:6,18
DA:11,5
DA:12,5
LF:6
LH:6
end_of_record
SF:lib/core/utils/bool_utils.dart
DA:2,3
DA:4,3
DA:5,1
DA:6,6
LF:4
LH:4
end_of_record
SF:lib/core/utils/list_utils.dart
DA:2,2
DA:3,2
DA:4,2
DA:5,1
LF:4
LH:4
end_of_record
SF:lib/domain/entities/chat_mensagem_entity.dart
DA:11,1
DA:19,1
DA:20,1
DA:21,1
DA:22,1
DA:23,1
DA:24,2
DA:25,2
DA:29,1
DA:30,1
DA:31,1
DA:32,1
DA:33,1
DA:34,2
DA:35,2
DA:39,1
DA:47,1
DA:48,1
DA:49,1
DA:50,1
DA:51,1
DA:52,1
LF:22
LH:22
end_of_record
SF:lib/domain/entities/tipo_servico_entity.dart
DA:6,1
DA:12,1
DA:13,1
DA:14,1
DA:15,1
DA:16,1
DA:20,1
DA:21,1
DA:22,1
DA:23,1
DA:24,1
DA:28,1
DA:33,1
DA:34,1
DA:35,1
DA:36,1
LF:16
LH:16
end_of_record
SF:lib/domain/entities/avaliacao_prestador_entity.dart
DA:12,1
DA:21,1
DA:22,1
DA:23,1
DA:24,1
DA:25,1
DA:26,3
DA:27,1
DA:28,3
DA:32,1
DA:33,1
DA:34,1
DA:35,1
DA:36,1
DA:37,1
DA:38,1
DA:39,1
DA:43,1
DA:51,1
DA:52,1
DA:53,1
DA:54,1
DA:55,1
DA:56,1
DA:57,1
LF:25
LH:25
end_of_record
SF:lib/domain/entities/disputa_entity.dart
DA:11,1
DA:19,1
DA:20,1
DA:21,1
DA:22,1
DA:23,1
DA:24,3
DA:25,1
DA:29,1
DA:30,1
DA:31,1
DA:32,1
DA:33,1
DA:34,1
DA:35,1
DA:39,1
DA:46,1
DA:47,1
DA:48,1
DA:49,1
DA:50,1
DA:51,1
LF:22
LH:22
end_of_record
SF:lib/main.dart
DA:3,0
DA:4,0
DA:8,2
DA:10,1
DA:12,1
DA:14,1
DA:23,1
DA:27,1
DA:28,1
DA:34,1
DA:35,2
DA:36,2
DA:40,1
DA:42,1
DA:43,1
DA:44,3
DA:46,1
DA:47,1
DA:49,1
DA:53,1
DA:54,2
DA:55,3
DA:60,1
DA:61,1
LF:24
LH:22
end_of_record
SF:lib/domain/entities/prestador_entity.dart
DA:13,10
DA:17,19
DA:19,1
DA:30,1
DA:31,1
DA:32,1
DA:33,1
DA:34,1
DA:35,2
DA:36,2
DA:37,2
DA:38,2
DA:39,2
DA:43,1
DA:44,1
DA:45,1
DA:46,1
DA:47,1
DA:48,1
DA:49,1
DA:50,1
DA:51,1
DA:52,1
DA:56,1
DA:66,1
DA:67,1
DA:68,1
DA:69,1
DA:70,1
DA:71,1
DA:72,1
DA:73,1
DA:74,1
LF:33
LH:33
end_of_record
SF:lib/domain/entities/chat_entity.dart
DA:13,1
DA:23,1
DA:24,1
DA:25,1
DA:26,1
DA:27,1
DA:28,1
DA:29,1
DA:30,2
DA:31,2
DA:35,1
DA:36,1
DA:37,1
DA:38,1
DA:39,1
DA:40,1
DA:41,1
DA:42,1
DA:43,1
DA:47,1
DA:56,1
DA:57,1
DA:58,1
DA:59,1
DA:60,1
DA:61,1
DA:62,1
DA:63,1
LF:28
LH:28
end_of_record
SF:lib/domain/entities/prestador_servico_entity.dart
DA:8,1
DA:14,1
DA:15,1
DA:16,1
DA:17,1
DA:18,2
DA:22,1
DA:23,1
DA:24,1
DA:25,1
DA:26,2
DA:30,1
DA:35,1
DA:36,1
DA:37,1
DA:38,1
LF:16
LH:16
end_of_record
SF:lib/domain/entities/proposta_entity.dart
DA:13,1
DA:24,1
DA:25,1
DA:26,1
DA:27,1
DA:28,1
DA:29,2
DA:30,2
DA:31,1
DA:32,2
DA:33,2
DA:37,1
DA:38,1
DA:39,1
DA:40,1
DA:41,1
DA:42,2
DA:43,1
DA:44,1
DA:45,1
DA:46,1
DA:50,1
DA:60,1
DA:61,1
DA:62,1
DA:63,1
DA:64,1
DA:65,1
DA:66,1
DA:67,1
DA:68,1
LF:31
LH:31
end_of_record
SF:lib/domain/entities/cidade_entity.dart
DA:6,1
DA:12,1
DA:13,1
DA:14,1
DA:15,1
DA:16,1
DA:20,1
DA:21,1
DA:22,1
DA:23,1
DA:24,1
DA:28,1
DA:33,1
DA:34,1
DA:35,1
DA:36,1
LF:16
LH:16
end_of_record
SF:lib/domain/entities/cliente_entity.dart
DA:8,1
DA:16,1
DA:17,1
DA:18,1
DA:19,1
DA:20,1
DA:21,1
DA:22,1
DA:26,1
DA:27,1
DA:28,1
DA:29,1
DA:30,1
DA:31,1
DA:32,1
DA:36,1
DA:43,1
DA:44,1
DA:45,1
DA:46,1
DA:47,1
DA:48,1
LF:22
LH:22
end_of_record
SF:lib/domain/entities/servico_entity.dart
DA:24,1
DA:46,1
DA:47,1
DA:48,1
DA:49,2
DA:50,1
DA:51,1
DA:52,1
DA:53,1
DA:54,2
DA:55,2
DA:56,2
DA:57,2
DA:58,2
DA:59,1
DA:60,2
DA:61,1
DA:62,1
DA:63,2
DA:64,2
DA:65,2
DA:66,1
DA:70,1
DA:71,1
DA:72,1
DA:73,2
DA:74,1
DA:75,1
DA:76,1
DA:77,1
DA:78,1
DA:79,1
DA:80,2
DA:81,2
DA:82,1
DA:83,1
DA:84,1
DA:85,1
DA:86,1
DA:87,2
DA:88,1
DA:89,1
DA:90,1
DA:94,1
DA:115,1
DA:116,1
DA:117,1
DA:118,1
DA:119,1
DA:120,1
DA:121,1
DA:122,1
DA:123,1
DA:124,1
DA:125,1
DA:126,1
DA:127,1
DA:128,1
DA:129,1
DA:130,1
DA:131,1
DA:132,1
DA:133,1
DA:134,1
LF:64
LH:64
end_of_record
